<?xml version="1.0" encoding="UTF-8"?>
<testsuite xmlns:xsi="http://www.w3.org/2001/XMLSchema-instance" xsi:noNamespaceSchemaLocation="https://maven.apache.org/surefire/maven-surefire-plugin/xsd/surefire-test-report-3.0.xsd" version="3.0" name="br.com.jsousa.teste.ReplaceUtilsTest" time="0.064" tests="2" errors="0" skipped="0" failures="0">
  <properties>
    <property name="sun.desktop" value="windows"/>
    <property name="awt.toolkit" value="sun.awt.windows.WToolkit"/>
    <property name="java.specification.version" value="11"/>
    <property name="sun.cpu.isalist" value="amd64"/>
    <property name="sun.jnu.encoding" value="Cp1252"/>
    <property name="java.class.path" value="C:\dev\VendasOnline\target\test-classes;C:\dev\VendasOnline\target\classes;C:\Users\jovane.sousa\.m2\repository\org\jboss\spec\jboss-javaee-all-7.0\1.1.1.Final\jboss-javaee-all-7.0-1.1.1.Final.jar;C:\Users\jovane.sousa\.m2\repository\javax\activation\activation\1.1.1\activation-1.1.1.jar;C:\Users\jovane.sousa\.m2\repository\javax\enterprise\cdi-api\1.2\cdi-api-1.2.jar;C:\Users\jovane.sousa\.m2\repository\javax\inject\javax.inject\1\javax.inject-1.jar;C:\Users\jovane.sousa\.m2\repository\javax\jws\jsr181-api\1.0-MR1\jsr181-api-1.0-MR1.jar;C:\Users\jovane.sousa\.m2\repository\com\sun\mail\javax.mail\1.5.6\javax.mail-1.5.6.jar;C:\Users\jovane.sousa\.m2\repository\javax\validation\validation-api\1.1.0.Final\validation-api-1.1.0.Final.jar;C:\Users\jovane.sousa\.m2\repository\org\hibernate\javax\persistence\hibernate-jpa-2.1-api\1.0.0.Final\hibernate-jpa-2.1-api-1.0.0.Final.jar;C:\Users\jovane.sousa\.m2\repository\org\jboss\spec\javax\annotation\jboss-annotations-api_1.2_spec\1.0.2.Final\jboss-annotations-api_1.2_spec-1.0.2.Final.jar;C:\Users\jovane.sousa\.m2\repository\org\jboss\spec\javax\batch\jboss-batch-api_1.0_spec\1.0.1.Final\jboss-batch-api_1.0_spec-1.0.1.Final.jar;C:\Users\jovane.sousa\.m2\repository\org\jboss\spec\javax\ejb\jboss-ejb-api_3.2_spec\1.0.1.Final\jboss-ejb-api_3.2_spec-1.0.1.Final.jar;C:\Users\jovane.sousa\.m2\repository\org\jboss\spec\javax\el\jboss-el-api_3.0_spec\1.0.11.Final\jboss-el-api_3.0_spec-1.0.11.Final.jar;C:\Users\jovane.sousa\.m2\repository\org\jboss\spec\javax\enterprise\concurrent\jboss-concurrency-api_1.0_spec\1.0.1.Final\jboss-concurrency-api_1.0_spec-1.0.1.Final.jar;C:\Users\jovane.sousa\.m2\repository\org\jboss\spec\javax\faces\jboss-jsf-api_2.2_spec\2.2.14\jboss-jsf-api_2.2_spec-2.2.14.jar;C:\Users\jovane.sousa\.m2\repository\org\jboss\spec\javax\interceptor\jboss-interceptors-api_1.2_spec\1.0.1.Final\jboss-interceptors-api_1.2_spec-1.0.1.Final.jar;C:\Users\jovane.sousa\.m2\repository\org\jboss\spec\javax\json\jboss-json-api_1.0_spec\1.0.1.Final\jboss-json-api_1.0_spec-1.0.1.Final.jar;C:\Users\jovane.sousa\.m2\repository\org\jboss\spec\javax\management\j2ee\jboss-j2eemgmt-api_1.1_spec\1.0.2.Final\jboss-j2eemgmt-api_1.1_spec-1.0.2.Final.jar;C:\Users\jovane.sousa\.m2\repository\org\jboss\spec\javax\resource\jboss-connector-api_1.7_spec\1.0.1.Final\jboss-connector-api_1.7_spec-1.0.1.Final.jar;C:\Users\jovane.sousa\.m2\repository\org\jboss\spec\javax\rmi\jboss-rmi-api_1.0_spec\1.0.6.Final\jboss-rmi-api_1.0_spec-1.0.6.Final.jar;C:\Users\jovane.sousa\.m2\repository\org\jboss\spec\javax\security\jacc\jboss-jacc-api_1.5_spec\1.0.2.Final\jboss-jacc-api_1.5_spec-1.0.2.Final.jar;C:\Users\jovane.sousa\.m2\repository\org\jboss\spec\javax\servlet\jboss-servlet-api_3.1_spec\1.0.0.Final\jboss-servlet-api_3.1_spec-1.0.0.Final.jar;C:\Users\jovane.sousa\.m2\repository\org\jboss\spec\javax\security\auth\message\jboss-jaspi-api_1.1_spec\1.0.2.Final\jboss-jaspi-api_1.1_spec-1.0.2.Final.jar;C:\Users\jovane.sousa\.m2\repository\org\jboss\spec\javax\jms\jboss-jms-api_2.0_spec\1.0.2.Final\jboss-jms-api_2.0_spec-1.0.2.Final.jar;C:\Users\jovane.sousa\.m2\repository\org\jboss\spec\javax\transaction\jboss-transaction-api_1.2_spec\1.1.1.Final\jboss-transaction-api_1.2_spec-1.1.1.Final.jar;C:\Users\jovane.sousa\.m2\repository\org\jboss\spec\javax\ws\rs\jboss-jaxrs-api_2.0_spec\1.0.1.Final\jboss-jaxrs-api_2.0_spec-1.0.1.Final.jar;C:\Users\jovane.sousa\.m2\repository\org\jboss\spec\javax\websocket\jboss-websocket-api_1.1_spec\1.1.3.Final\jboss-websocket-api_1.1_spec-1.1.3.Final.jar;C:\Users\jovane.sousa\.m2\repository\org\jboss\spec\javax\xml\bind\jboss-jaxb-api_2.2_spec\1.0.5.Final\jboss-jaxb-api_2.2_spec-1.0.5.Final.jar;C:\Users\jovane.sousa\.m2\repository\org\jboss\spec\javax\xml\soap\jboss-saaj-api_1.3_spec\1.0.6.Final\jboss-saaj-api_1.3_spec-1.0.6.Final.jar;C:\Users\jovane.sousa\.m2\repository\org\jboss\spec\javax\xml\ws\jboss-jaxws-api_2.2_spec\2.0.5.Final\jboss-jaxws-api_2.2_spec-2.0.5.Final.jar;C:\Users\jovane.sousa\.m2\repository\javax\javaee-web-api\8.0.1\javaee-web-api-8.0.1.jar;C:\Users\jovane.sousa\.m2\repository\org\primefaces\primefaces\11.0.0\primefaces-11.0.0.jar;C:\Users\jovane.sousa\.m2\repository\org\primefaces\themes\all-themes\1.0.10\all-themes-1.0.10.jar;C:\Users\jovane.sousa\.m2\repository\org\postgresql\postgresql\42.3.2\postgresql-42.3.2.jar;C:\Users\jovane.sousa\.m2\repository\org\checkerframework\checker-qual\3.5.0\checker-qual-3.5.0.jar;C:\Users\jovane.sousa\.m2\repository\junit\junit\4.13.2\junit-4.13.2.jar;C:\Users\jovane.sousa\.m2\repository\org\hamcrest\hamcrest-core\1.3\hamcrest-core-1.3.jar;"/>
    <property name="java.vm.vendor" value="Oracle Corporation"/>
    <property name="sun.arch.data.model" value="64"/>
    <property name="user.variant" value=""/>
    <property name="java.vendor.url" value="https://openjdk.java.net/"/>
    <property name="user.timezone" value="America/Cuiaba"/>
    <property name="java.vm.specification.version" value="11"/>
    <property name="os.name" value="Windows 11"/>
    <property name="sun.java.launcher" value="SUN_STANDARD"/>
    <property name="user.country" value="BR"/>
    <property name="sun.boot.library.path" value="C:\Program Files\Java\jdk-11\bin"/>
    <property name="sun.java.command" value="C:\Users\jovane.sousa\AppData\Local\Temp\surefire10142095477017849714\surefirebooter-20250819171752981_3.jar C:\Users\jovane.sousa\AppData\Local\Temp\surefire10142095477017849714 2025-08-19T17-17-52_273-jvmRun1 surefire-20250819171752981_1tmp surefire_0-20250819171752981_2tmp"/>
    <property name="jdk.debug" value="release"/>
    <property name="surefire.test.class.path" value="C:\dev\VendasOnline\target\test-classes;C:\dev\VendasOnline\target\classes;C:\Users\jovane.sousa\.m2\repository\org\jboss\spec\jboss-javaee-all-7.0\1.1.1.Final\jboss-javaee-all-7.0-1.1.1.Final.jar;C:\Users\jovane.sousa\.m2\repository\javax\activation\activation\1.1.1\activation-1.1.1.jar;C:\Users\jovane.sousa\.m2\repository\javax\enterprise\cdi-api\1.2\cdi-api-1.2.jar;C:\Users\jovane.sousa\.m2\repository\javax\inject\javax.inject\1\javax.inject-1.jar;C:\Users\jovane.sousa\.m2\repository\javax\jws\jsr181-api\1.0-MR1\jsr181-api-1.0-MR1.jar;C:\Users\jovane.sousa\.m2\repository\com\sun\mail\javax.mail\1.5.6\javax.mail-1.5.6.jar;C:\Users\jovane.sousa\.m2\repository\javax\validation\validation-api\1.1.0.Final\validation-api-1.1.0.Final.jar;C:\Users\jovane.sousa\.m2\repository\org\hibernate\javax\persistence\hibernate-jpa-2.1-api\1.0.0.Final\hibernate-jpa-2.1-api-1.0.0.Final.jar;C:\Users\jovane.sousa\.m2\repository\org\jboss\spec\javax\annotation\jboss-annotations-api_1.2_spec\1.0.2.Final\jboss-annotations-api_1.2_spec-1.0.2.Final.jar;C:\Users\jovane.sousa\.m2\repository\org\jboss\spec\javax\batch\jboss-batch-api_1.0_spec\1.0.1.Final\jboss-batch-api_1.0_spec-1.0.1.Final.jar;C:\Users\jovane.sousa\.m2\repository\org\jboss\spec\javax\ejb\jboss-ejb-api_3.2_spec\1.0.1.Final\jboss-ejb-api_3.2_spec-1.0.1.Final.jar;C:\Users\jovane.sousa\.m2\repository\org\jboss\spec\javax\el\jboss-el-api_3.0_spec\1.0.11.Final\jboss-el-api_3.0_spec-1.0.11.Final.jar;C:\Users\jovane.sousa\.m2\repository\org\jboss\spec\javax\enterprise\concurrent\jboss-concurrency-api_1.0_spec\1.0.1.Final\jboss-concurrency-api_1.0_spec-1.0.1.Final.jar;C:\Users\jovane.sousa\.m2\repository\org\jboss\spec\javax\faces\jboss-jsf-api_2.2_spec\2.2.14\jboss-jsf-api_2.2_spec-2.2.14.jar;C:\Users\jovane.sousa\.m2\repository\org\jboss\spec\javax\interceptor\jboss-interceptors-api_1.2_spec\1.0.1.Final\jboss-interceptors-api_1.2_spec-1.0.1.Final.jar;C:\Users\jovane.sousa\.m2\repository\org\jboss\spec\javax\json\jboss-json-api_1.0_spec\1.0.1.Final\jboss-json-api_1.0_spec-1.0.1.Final.jar;C:\Users\jovane.sousa\.m2\repository\org\jboss\spec\javax\management\j2ee\jboss-j2eemgmt-api_1.1_spec\1.0.2.Final\jboss-j2eemgmt-api_1.1_spec-1.0.2.Final.jar;C:\Users\jovane.sousa\.m2\repository\org\jboss\spec\javax\resource\jboss-connector-api_1.7_spec\1.0.1.Final\jboss-connector-api_1.7_spec-1.0.1.Final.jar;C:\Users\jovane.sousa\.m2\repository\org\jboss\spec\javax\rmi\jboss-rmi-api_1.0_spec\1.0.6.Final\jboss-rmi-api_1.0_spec-1.0.6.Final.jar;C:\Users\jovane.sousa\.m2\repository\org\jboss\spec\javax\security\jacc\jboss-jacc-api_1.5_spec\1.0.2.Final\jboss-jacc-api_1.5_spec-1.0.2.Final.jar;C:\Users\jovane.sousa\.m2\repository\org\jboss\spec\javax\servlet\jboss-servlet-api_3.1_spec\1.0.0.Final\jboss-servlet-api_3.1_spec-1.0.0.Final.jar;C:\Users\jovane.sousa\.m2\repository\org\jboss\spec\javax\security\auth\message\jboss-jaspi-api_1.1_spec\1.0.2.Final\jboss-jaspi-api_1.1_spec-1.0.2.Final.jar;C:\Users\jovane.sousa\.m2\repository\org\jboss\spec\javax\jms\jboss-jms-api_2.0_spec\1.0.2.Final\jboss-jms-api_2.0_spec-1.0.2.Final.jar;C:\Users\jovane.sousa\.m2\repository\org\jboss\spec\javax\transaction\jboss-transaction-api_1.2_spec\1.1.1.Final\jboss-transaction-api_1.2_spec-1.1.1.Final.jar;C:\Users\jovane.sousa\.m2\repository\org\jboss\spec\javax\ws\rs\jboss-jaxrs-api_2.0_spec\1.0.1.Final\jboss-jaxrs-api_2.0_spec-1.0.1.Final.jar;C:\Users\jovane.sousa\.m2\repository\org\jboss\spec\javax\websocket\jboss-websocket-api_1.1_spec\1.1.3.Final\jboss-websocket-api_1.1_spec-1.1.3.Final.jar;C:\Users\jovane.sousa\.m2\repository\org\jboss\spec\javax\xml\bind\jboss-jaxb-api_2.2_spec\1.0.5.Final\jboss-jaxb-api_2.2_spec-1.0.5.Final.jar;C:\Users\jovane.sousa\.m2\repository\org\jboss\spec\javax\xml\soap\jboss-saaj-api_1.3_spec\1.0.6.Final\jboss-saaj-api_1.3_spec-1.0.6.Final.jar;C:\Users\jovane.sousa\.m2\repository\org\jboss\spec\javax\xml\ws\jboss-jaxws-api_2.2_spec\2.0.5.Final\jboss-jaxws-api_2.2_spec-2.0.5.Final.jar;C:\Users\jovane.sousa\.m2\repository\javax\javaee-web-api\8.0.1\javaee-web-api-8.0.1.jar;C:\Users\jovane.sousa\.m2\repository\org\primefaces\primefaces\11.0.0\primefaces-11.0.0.jar;C:\Users\jovane.sousa\.m2\repository\org\primefaces\themes\all-themes\1.0.10\all-themes-1.0.10.jar;C:\Users\jovane.sousa\.m2\repository\org\postgresql\postgresql\42.3.2\postgresql-42.3.2.jar;C:\Users\jovane.sousa\.m2\repository\org\checkerframework\checker-qual\3.5.0\checker-qual-3.5.0.jar;C:\Users\jovane.sousa\.m2\repository\junit\junit\4.13.2\junit-4.13.2.jar;C:\Users\jovane.sousa\.m2\repository\org\hamcrest\hamcrest-core\1.3\hamcrest-core-1.3.jar;"/>
    <property name="sun.cpu.endian" value="little"/>
    <property name="user.home" value="C:\Users\jovane.sousa"/>
    <property name="user.language" value="pt"/>
    <property name="java.specification.vendor" value="Oracle Corporation"/>
    <property name="java.version.date" value="2025-01-21"/>
    <property name="java.home" value="C:\Program Files\Java\jdk-11"/>
    <property name="file.separator" value="\"/>
    <property name="style.color" value="always"/>
    <property name="basedir" value="C:\dev\VendasOnline"/>
    <property name="java.vm.compressedOopsMode" value="32-bit"/>
    <property name="line.separator" value="&#10;"/>
    <property name="java.specification.name" value="Java Platform API Specification"/>
    <property name="java.vm.specification.vendor" value="Oracle Corporation"/>
    <property name="java.awt.graphicsenv" value="sun.awt.Win32GraphicsEnvironment"/>
    <property name="surefire.real.class.path" value="C:\Users\jovane.sousa\AppData\Local\Temp\surefire10142095477017849714\surefirebooter-20250819171752981_3.jar"/>
    <property name="user.script" value=""/>
    <property name="sun.management.compiler" value="HotSpot 64-Bit Tiered Compilers"/>
    <property name="java.runtime.version" value="11.0.26+7-LTS-187"/>
    <property name="user.name" value="jovane.sousa"/>
    <property name="path.separator" value=";"/>
    <property name="os.version" value="10.0"/>
    <property name="java.runtime.name" value="Java(TM) SE Runtime Environment"/>
    <property name="file.encoding" value="Cp1252"/>
    <property name="java.vm.name" value="Java HotSpot(TM) 64-Bit Server VM"/>
    <property name="java.vendor.version" value="18.9"/>
    <property name="localRepository" value="C:\Users\jovane.sousa\.m2\repository"/>
    <property name="java.vendor.url.bug" value="https://bugreport.java.com/bugreport/"/>
    <property name="java.io.tmpdir" value="C:\Users\JOVANE~1.SOU\AppData\Local\Temp\"/>
    <property name="java.version" value="11.0.26"/>
    <property name="user.dir" value="C:\dev\VendasOnline"/>
    <property name="os.arch" value="amd64"/>
    <property name="java.vm.specification.name" value="Java Virtual Machine Specification"/>
    <property name="java.awt.printerjob" value="sun.awt.windows.WPrinterJob"/>
    <property name="sun.os.patch.level" value=""/>
    <property name="java.library.path" value="C:\Program Files\Java\jdk-11\bin;C:\WINDOWS\Sun\Java\bin;C:\WINDOWS\system32;C:\WINDOWS;C:/sts-4.30.0.RELEASE//plugins/org.eclipse.justj.openjdk.hotspot.jre.full.win32.x86_64_21.0.6.v20250130-0529/jre/bin/server;C:/sts-4.30.0.RELEASE//plugins/org.eclipse.justj.openjdk.hotspot.jre.full.win32.x86_64_21.0.6.v20250130-0529/jre/bin;C:\Program Files\Java\jdk-11\bin;C:\WINDOWS\system32;C:\WINDOWS;C:\WINDOWS\System32\Wbem;C:\WINDOWS\System32\WindowsPowerShell\v1.0\;C:\WINDOWS\System32\OpenSSH\;C:\Program Files\Docker\Docker\resources\bin;C:\Program Files\apache-maven-3.9.11\bin;C:\Users\jovane.sousa\AppData\Local\Microsoft\WindowsApps;;C:\sts-4.30.0.RELEASE;;."/>
    <property name="java.vendor" value="Oracle Corporation"/>
    <property name="java.vm.info" value="mixed mode"/>
    <property name="java.vm.version" value="11.0.26+7-LTS-187"/>
    <property name="java.specification.maintenance.version" value="3"/>
    <property name="sun.io.unicode.encoding" value="UnicodeLittle"/>
    <property name="java.class.version" value="55.0"/>
  </properties>
  <testcase name="replaceCPF" classname="br.com.jsousa.teste.ReplaceUtilsTest" time="0.006"/>
  <testcase name="replaceTel" classname="br.com.jsousa.teste.ReplaceUtilsTest" time="0.0"/>
</testsuite>